********************************************************************************
DUPLICATOR-LITE PACKAGE-LOG: April 28, 2024 6:50 pm
NOTICE: Do NOT post to public sites or forums 
********************************************************************************
VERSION:	1.5.9
WORDPRESS:	6.5.2
PHP INFO:	8.3.0 | SAPI: cgi-fcgi
SERVER:		Apache/2.4.43 (Win32) mod_fcgid/2.3.9a 
PHP TIME LIMIT: (0) no time limit imposed 
PHP MAX MEMORY: 4294967296 (256M default) 
MEMORY STACK: 44MB

********************************************************************************
DATABASE:
********************************************************************************
BUILD MODE:   PHP(query limit - 100)
MYSQLTIMEOUT: 5000
MYSQLDUMP:    Not Supported
TABLES: total:14 | filtered:0 | create:14
FILTERED: []
SQL CREATED: 20240428_nexcent_deploy_1f07c8677d876b7b4453_20240428185014_database.sql
SQL FILE SIZE: 4.73MB (4956310)
SQL FILE TIME: 2024-04-28 18:50:22
SQL RUNTIME: 0.70 sec.

********************************************************************************
ARCHIVE (ZIP):
********************************************************************************
ARCHIVE DIR:  C:/Users/filny/Local Sites/nexcent/app/public
ARCHIVE FILE: 20240428_nexcent_deploy_1f07c8677d876b7b4453_20240428185014_archive.zip
FILTERS: *OFF*
DIRS:
	not set
FILES:
	not set
EXTS:  not set
----------------------------------------
COMPRESSING
SIZE:	89.49MB
STATS:	Dirs 701 | Files 4,697
SQL ADDED: 20240428_nexcent_deploy_1f07c8677d876b7b4453_20240428185014_database.sql
ZipArchive Object
(
    [lastId] => 5397
    [status] => 0
    [statusSys] => 0
    [numFiles] => 5398
    [filename] => C:\Users\filny\Local Sites\nexcent\app\public\wp-content\backups-dup-lite\tmp\20240428_nexcent_deploy_1f07c8677d876b7b4453_20240428185014_archive.zip
    [comment] => 
)

FILE ADDED TO ZIP: 5397
COMPRESSION RESULT: '1'
COMPRESSED SIZE: 28.54MB
ARCHIVE RUNTIME: 7.75 sec.
MEMORY STACK: 46MB
building installer
ARCHIVE CONSISTENCY TEST: PASS

********************************************************************************
INTEGRITY CHECKS:
********************************************************************************
SQL FILE: 4.73MB
INSTALLER FILE: 73.48KB
ARCHIVE FILE: 30.38MB 
EXPECTED FILE/DIRECTORY COUNT: 5,398
ACTUAL FILE/DIRECTORY COUNT: 5,397
ARCHIVE CONSISTENCY TEST: Pass

********************************************************************************
RECORD ID:[1]
TOTAL PROCESS RUNTIME: 9.78 sec.
PEAK PHP MEMORY USED: 52MB
DONE PROCESSING => 20240428_nexcent_deploy April 28, 2024 6:50 pm

